[2025-06-13 07:58:33 IST] [INFO] User chose to run setup.sh
[2025-06-13 07:58:33 IST] [INFO] Running setup.sh script from modules directory...
[2025-06-13 07:59:20 IST] [SUCCESS] setup.sh completed successfully - marker file created
[2025-06-13 07:59:20 IST] [INFO] Starting domain folder search
[2025-06-13 07:59:36 IST] [INFO] Selected folder location: /var/www/wordpress.silkroademart.com
[2025-06-13 07:59:36 IST] [INFO] Detected domain: wordpress.silkroademart.com
[2025-06-13 07:59:36 IST] [INFO] Directory already exists: /var/www/wordpress.silkroademart.com
[2025-06-13 07:59:36 IST] [INFO] Checking PostgreSQL installation
[2025-06-13 07:59:36 IST] [SUCCESS] PostgreSQL is already installed
[2025-06-13 07:59:36 IST] [SUCCESS] PostgreSQL service is running
[2025-06-13 07:59:36 IST] [INFO] Starting database setup check
[2025-06-13 07:59:36 IST] [WARNING] Database not found for domain: wordpress.silkroademart.com
[2025-06-13 07:59:41 IST] [INFO] User chose to create database
[2025-06-13 07:59:41 IST] [INFO] Starting database setup for domain: wordpress.silkroademart.com
[2025-06-13 07:59:41 IST] [INFO] Storing database credentials in configuration file
[2025-06-13 07:59:41 IST] [INFO] Creating PostgreSQL database and user
[2025-06-13 07:59:41 IST] [SUCCESS] Database 'wordpress_silkroademart_com_db' and user 'wordpress_silkroademart_com_user' created successfully
[2025-06-13 07:59:41 IST] [SUCCESS] Database setup completed successfully
[2025-06-13 07:59:41 IST] [INFO] Updating search.php with database credentials
[2025-06-13 07:59:41 IST] [INFO] Starting HTML generation and database population phase
[2025-06-13 07:59:41 IST] [INFO] Starting dependency installation
[2025-06-13 07:59:42 IST] [INFO] Node.js version: v18.19.1
[2025-06-13 07:59:42 IST] [INFO] npm version: 9.2.0
[2025-06-13 07:59:42 IST] [INFO] Running npm install
[2025-06-13 07:59:54 IST] [SUCCESS] Node.js dependencies installed successfully
[2025-06-13 08:00:04 IST] [INFO] User selected force complete regeneration mode
[2025-06-13 08:00:04 IST] [INFO] Checking required files for generation
[2025-06-13 08:00:04 IST] [SUCCESS] products.csv found
[2025-06-13 08:00:04 IST] [SUCCESS] product.ejs template found
[2025-06-13 08:00:04 IST] [SUCCESS] gulpfile.js found
[2025-06-13 08:00:04 IST] [INFO] Starting gulp generation process with mode: force
[2025-06-13 08:00:04 IST] [INFO] Running gulp with force flag
[2025-06-13 08:00:10 IST] [SUCCESS] Gulp generation completed successfully
[2025-06-13 08:00:10 IST] [SUCCESS] Generation process completed successfully
[2025-06-13 08:00:10 IST] [INFO] Total HTML files generated: 10
[2025-06-13 08:00:10 IST] [INFO] Total images downloaded: 10
[2025-06-13 08:00:10 IST] [SUCCESS] Products database CSV generated successfully
[2025-06-13 08:00:10 IST] [INFO] Starting node_modules cleanup process
[2025-06-13 08:00:11 IST] [SUCCESS] node_modules folder removed successfully (was 42M)
[2025-06-13 08:34:43 IST] [INFO] Product Page Generator started
[2025-06-13 08:34:43 IST] [INFO] Checking Node.js and npm prerequisites
[2025-06-13 08:34:44 IST] [INFO] Node.js version: v18.19.1
[2025-06-13 08:34:45 IST] [INFO] npm version: 9.2.0
[2025-06-13 08:34:45 IST] [SUCCESS] Node.js and npm prerequisites satisfied
[2025-06-13 08:34:45 IST] [INFO] Validating script environment
[2025-06-13 08:34:46 IST] [SUCCESS] Environment validation completed
[2025-06-13 08:34:46 IST] [INFO] Setup marker file found - setup.sh was run previously
[2025-06-13 08:34:46 IST] [INFO] Setup completion verified - proceeding with generation
[2025-06-13 08:34:46 IST] [INFO] Starting domain folder search
[2025-06-13 08:34:51 IST] [INFO] Selected folder location: /var/www/wordpress.silkroademart.com
[2025-06-13 08:34:51 IST] [INFO] Detected domain: wordpress.silkroademart.com
[2025-06-13 08:34:51 IST] [INFO] Directory already exists: /var/www/wordpress.silkroademart.com
[2025-06-13 08:34:51 IST] [INFO] Checking PostgreSQL installation
[2025-06-13 08:34:51 IST] [SUCCESS] PostgreSQL is already installed
[2025-06-13 08:34:51 IST] [SUCCESS] PostgreSQL service is running
[2025-06-13 08:34:51 IST] [INFO] Starting database setup check
[2025-06-13 08:34:51 IST] [SUCCESS] Database credentials found for domain: wordpress.silkroademart.com
[2025-06-13 08:34:51 IST] [INFO] Testing database connection for domain: wordpress.silkroademart.com
[2025-06-13 08:34:51 IST] [SUCCESS] Database connection test successful
[2025-06-13 08:34:51 IST] [SUCCESS] Database connection test successful
[2025-06-13 08:34:51 IST] [INFO] Starting data import for domain: wordpress.silkroademart.com from /root/generate_html_from_csv/version_07/data/products_database.csv
[2025-06-13 08:34:51 IST] [SUCCESS] Data imported successfully into products table for domain: wordpress.silkroademart.com
[2025-06-13 08:34:51 IST] [INFO] Updating search.php with database credentials
[2025-06-13 08:34:51 IST] [INFO] Starting HTML generation and database population phase
[2025-06-13 08:34:51 IST] [INFO] Starting dependency installation
[2025-06-13 08:34:52 IST] [INFO] Node.js version: v18.19.1
[2025-06-13 08:34:52 IST] [INFO] npm version: 9.2.0
[2025-06-13 08:34:52 IST] [INFO] Running npm install
[2025-06-13 08:34:58 IST] [SUCCESS] Node.js dependencies installed successfully
[2025-06-13 08:35:04 IST] [INFO] User selected force complete regeneration mode
[2025-06-13 08:35:04 IST] [INFO] Checking required files for generation
[2025-06-13 08:35:04 IST] [SUCCESS] products.csv found
[2025-06-13 08:35:04 IST] [SUCCESS] product.ejs template found
[2025-06-13 08:35:04 IST] [SUCCESS] gulpfile.js found
[2025-06-13 08:35:04 IST] [INFO] Starting gulp generation process with mode: force
[2025-06-13 08:35:04 IST] [INFO] Running gulp with force flag
[2025-06-13 08:35:11 IST] [SUCCESS] Gulp generation completed successfully
[2025-06-13 08:35:11 IST] [SUCCESS] Generation process completed successfully
[2025-06-13 08:35:11 IST] [INFO] Total HTML files generated: 10
[2025-06-13 08:35:11 IST] [INFO] Total images downloaded: 10
[2025-06-13 08:35:11 IST] [SUCCESS] Products database CSV generated successfully
[2025-06-13 08:35:11 IST] [INFO] Starting node_modules cleanup process
[2025-06-13 08:35:11 IST] [SUCCESS] node_modules folder removed successfully (was 42M)
