[2025-06-13 12:43:28 IST] [INFO] Validating script environment
[2025-06-13 12:43:28 IST] [SUCCESS] Environment validation completed
[2025-06-13 12:43:28 IST] [WARNING] Setup marker file not found - setup.sh may not have been run
[2025-06-13 12:43:32 IST] [INFO] User chose to run setup.sh
[2025-06-13 12:43:32 IST] [INFO] Running setup.sh script from modules directory...
[2025-06-13 12:44:14 IST] [SUCCESS] setup.sh completed successfully - marker file created
[2025-06-13 12:44:14 IST] [INFO] Starting domain folder search
[2025-06-13 12:44:19 IST] [INFO] Selected folder location: /var/www/wholesale.silkroademart.com
[2025-06-13 12:44:19 IST] [INFO] Detected domain: wholesale.silkroademart.com
[2025-06-13 12:44:19 IST] [INFO] Directory already exists: /var/www/wholesale.silkroademart.com
[2025-06-13 12:44:19 IST] [INFO] Checking PostgreSQL installation
[2025-06-13 12:44:19 IST] [WARNING] PostgreSQL is not installed - starting installation
[2025-06-13 12:44:19 IST] [INFO] Starting PostgreSQL installation
[2025-06-13 12:44:19 IST] [INFO] Detected operating system: ubuntu
[2025-06-13 12:44:19 IST] [INFO] Installing PostgreSQL on Ubuntu/Debian system
[2025-06-13 12:44:44 IST] [SUCCESS] PostgreSQL installed successfully on Ubuntu/Debian
[2025-06-13 12:44:44 IST] [INFO] Verifying PostgreSQL installation
[2025-06-13 12:44:44 IST] [SUCCESS] PostgreSQL installation verified
[2025-06-13 12:44:44 IST] [SUCCESS] PostgreSQL service is running
[2025-06-13 12:44:44 IST] [INFO] PostgreSQL version:  PostgreSQL 16.9 (Ubuntu 16.9-0ubuntu0.24.04.1) on x86_64-pc-linux-gnu, compiled by gcc (Ubuntu 13.3.0-6ubuntu2~24.04) 13.3.0, 64-bit
[2025-06-13 12:44:44 IST] [INFO] Starting database setup check
[2025-06-13 12:44:44 IST] [WARNING] Database not found for domain: wholesale.silkroademart.com
[2025-06-13 12:44:47 IST] [INFO] User chose to create database
[2025-06-13 12:44:47 IST] [INFO] Starting database setup for domain: wholesale.silkroademart.com
[2025-06-13 12:44:47 IST] [INFO] Storing database credentials in configuration file
[2025-06-13 12:44:47 IST] [INFO] Creating PostgreSQL database and user
[2025-06-13 12:44:47 IST] [SUCCESS] Database 'wholesale_silkroademart_com_db' and user 'wholesale_silkroademart_com_user' created successfully
[2025-06-13 12:44:47 IST] [SUCCESS] Database setup completed successfully
[2025-06-13 12:44:47 IST] [INFO] Updating search.php with database credentials
[2025-06-13 12:44:47 IST] [INFO] Starting HTML generation and database population phase
[2025-06-13 12:44:47 IST] [INFO] Starting dependency installation
[2025-06-13 12:44:48 IST] [INFO] Node.js version: v18.19.1
[2025-06-13 12:44:48 IST] [INFO] npm version: 9.2.0
[2025-06-13 12:44:48 IST] [INFO] Running npm install
[2025-06-13 12:45:07 IST] [SUCCESS] Node.js dependencies installed successfully
[2025-06-13 12:45:26 IST] [INFO] User selected force complete regeneration mode
[2025-06-13 12:45:26 IST] [INFO] Checking required files for generation
[2025-06-13 12:45:26 IST] [SUCCESS] products.csv found
[2025-06-13 12:45:26 IST] [SUCCESS] product.ejs template found
[2025-06-13 12:45:26 IST] [SUCCESS] gulpfile.js found
[2025-06-13 12:45:26 IST] [INFO] Starting gulp generation process with mode: force
[2025-06-13 12:45:26 IST] [INFO] Running gulp with force flag
[2025-06-13 12:45:32 IST] [SUCCESS] Gulp generation completed successfully
[2025-06-13 12:45:32 IST] [SUCCESS] Generation process completed successfully
[2025-06-13 12:45:32 IST] [INFO] Total HTML files generated: 10
[2025-06-13 12:45:32 IST] [INFO] Total images downloaded: 10
[2025-06-13 12:45:32 IST] [SUCCESS] Products database CSV generated successfully
[2025-06-13 12:45:32 IST] [INFO] Starting data import for domain: wholesale.silkroademart.com from /root/generate_html_from_csv/version_07A/data/products_database.csv
[2025-06-13 12:45:32 IST] [SUCCESS] Data imported successfully into products table for domain: wholesale.silkroademart.com
[2025-06-13 12:57:32 IST] [INFO] Validating script environment
[2025-06-13 12:57:32 IST] [SUCCESS] Environment validation completed
[2025-06-13 12:57:32 IST] [INFO] Setup marker file found - setup.sh was run previously
[2025-06-13 12:57:32 IST] [INFO] Setup completion verified - proceeding with generation
[2025-06-13 12:57:32 IST] [INFO] Starting domain folder search
[2025-06-13 12:57:39 IST] [INFO] Selected folder location: /var/www/wholesale.silkroademart.com
[2025-06-13 12:57:39 IST] [INFO] Detected domain: wholesale.silkroademart.com
[2025-06-13 12:57:39 IST] [INFO] Directory already exists: /var/www/wholesale.silkroademart.com
[2025-06-13 12:57:39 IST] [INFO] Checking PostgreSQL installation
[2025-06-13 12:57:39 IST] [SUCCESS] PostgreSQL is already installed
[2025-06-13 12:57:39 IST] [SUCCESS] PostgreSQL service is running
[2025-06-13 12:57:39 IST] [INFO] Starting database setup check
[2025-06-13 12:57:39 IST] [SUCCESS] Database credentials found for domain: wholesale.silkroademart.com
[2025-06-13 12:57:39 IST] [INFO] Testing database connection for domain: wholesale.silkroademart.com
[2025-06-13 12:57:39 IST] [SUCCESS] Database connection test successful
[2025-06-13 12:57:39 IST] [SUCCESS] Database connection test successful
[2025-06-13 12:57:39 IST] [INFO] Updating search.php with database credentials
[2025-06-13 12:57:39 IST] [INFO] Starting HTML generation and database population phase
[2025-06-13 12:57:39 IST] [INFO] Starting dependency installation
[2025-06-13 12:57:40 IST] [INFO] Node.js version: v18.19.1
[2025-06-13 12:57:40 IST] [INFO] npm version: 9.2.0
[2025-06-13 12:57:40 IST] [INFO] Running npm install
[2025-06-13 12:57:49 IST] [SUCCESS] Node.js dependencies installed successfully
[2025-06-13 12:57:59 IST] [INFO] User selected incremental generation mode
[2025-06-13 12:57:59 IST] [INFO] Checking required files for generation
[2025-06-13 12:57:59 IST] [SUCCESS] products.csv found
[2025-06-13 12:57:59 IST] [SUCCESS] product.ejs template found
[2025-06-13 12:57:59 IST] [SUCCESS] gulpfile.js found
[2025-06-13 12:57:59 IST] [INFO] Starting gulp generation process with mode: incremental
[2025-06-13 12:57:59 IST] [INFO] Running gulp with incremental mode
[2025-06-13 12:58:06 IST] [SUCCESS] Gulp generation completed successfully
[2025-06-13 12:58:06 IST] [SUCCESS] Generation process completed successfully
[2025-06-13 12:58:06 IST] [INFO] Total HTML files generated: 20
[2025-06-13 12:58:06 IST] [INFO] Total images downloaded: 20
[2025-06-13 12:58:06 IST] [SUCCESS] Products database CSV generated successfully
[2025-06-13 12:58:06 IST] [INFO] Starting data import for domain: wholesale.silkroademart.com from /root/generate_html_from_csv/version_08/data/products_database.csv
[2025-06-13 12:58:06 IST] [SUCCESS] Data imported successfully into products table for domain: wholesale.silkroademart.com
[2025-06-13 13:39:09 IST] [INFO] Testing database connection for domain: wholesale.silkroademart.com
[2025-06-13 13:39:09 IST] [SUCCESS] Database connection test successful
[2025-06-13 13:40:40 IST] [INFO] Validating script environment
[2025-06-13 13:40:40 IST] [SUCCESS] Environment validation completed
[2025-06-13 13:40:40 IST] [INFO] Setup marker file found - setup.sh was run previously
[2025-06-13 13:40:40 IST] [INFO] Setup completion verified - proceeding with generation
[2025-06-13 13:40:40 IST] [INFO] Starting domain folder search
[2025-06-13 13:40:43 IST] [INFO] Selected folder location: /var/www/wholesale.silkroademart.com
[2025-06-13 13:40:43 IST] [INFO] Detected domain: wholesale.silkroademart.com
[2025-06-13 13:40:43 IST] [INFO] Directory already exists: /var/www/wholesale.silkroademart.com
[2025-06-13 13:40:43 IST] [INFO] Checking PostgreSQL installation
[2025-06-13 13:40:43 IST] [SUCCESS] PostgreSQL is already installed
[2025-06-13 13:40:43 IST] [SUCCESS] PostgreSQL service is running
[2025-06-13 13:40:43 IST] [INFO] Starting database setup check for domain: wholesale.silkroademart.com
[2025-06-13 13:40:43 IST] [SUCCESS] Database credentials found for domain: wholesale.silkroademart.com
[2025-06-13 13:40:43 IST] [INFO] Testing database connection for domain: wholesale.silkroademart.com
[2025-06-13 13:40:43 IST] [SUCCESS] Database connection test successful
[2025-06-13 13:40:43 IST] [SUCCESS] Database connection test successful
[2025-06-13 13:40:43 IST] [INFO] Updating search.php with database credentials
[2025-06-13 13:40:43 IST] [INFO] Starting HTML generation and database population phase
[2025-06-13 13:40:43 IST] [INFO] Starting dependency installation
[2025-06-13 13:40:45 IST] [INFO] Node.js version: v18.19.1
[2025-06-13 13:40:45 IST] [INFO] npm version: 9.2.0
[2025-06-13 13:40:45 IST] [INFO] Running npm install
[2025-06-13 13:40:56 IST] [SUCCESS] Node.js dependencies installed successfully
[2025-06-13 13:40:58 IST] [INFO] User selected force complete regeneration mode
[2025-06-13 13:40:58 IST] [INFO] Checking required files for generation
[2025-06-13 13:40:58 IST] [SUCCESS] products.csv found
[2025-06-13 13:40:58 IST] [SUCCESS] product.ejs template found
[2025-06-13 13:40:58 IST] [SUCCESS] gulpfile.js found
[2025-06-13 13:40:58 IST] [INFO] Starting gulp generation process with mode: force
[2025-06-13 13:40:59 IST] [INFO] Running gulp with force flag
[2025-06-13 13:41:04 IST] [SUCCESS] Gulp generation completed successfully
[2025-06-13 13:41:04 IST] [SUCCESS] Generation process completed successfully
[2025-06-13 13:41:04 IST] [INFO] Total HTML files generated: 20
[2025-06-13 13:41:04 IST] [INFO] Total images downloaded: 20
[2025-06-13 13:41:04 IST] [SUCCESS] Products database CSV generated successfully
[2025-06-13 13:41:04 IST] [INFO] Starting data import for domain: wholesale.silkroademart.com from /root/generate_html_from_csv/version_08/data/products_database.csv
[2025-06-13 13:41:04 IST] [SUCCESS] Data imported successfully into products table for domain: wholesale.silkroademart.com
[2025-06-13 13:52:03 IST] [INFO] Validating script environment
[2025-06-13 13:52:03 IST] [SUCCESS] Environment validation completed
[2025-06-13 13:52:03 IST] [INFO] Starting domain folder search
[2025-06-13 13:52:52 IST] [INFO] Validating script environment
[2025-06-13 13:52:52 IST] [SUCCESS] Environment validation completed
[2025-06-13 13:52:52 IST] [INFO] Setup marker file found - setup.sh was run previously
[2025-06-13 13:52:52 IST] [INFO] Setup completion verified - proceeding with generation
[2025-06-13 13:52:52 IST] [INFO] Starting domain folder search
[2025-06-13 13:52:55 IST] [INFO] Selected folder location: /var/www/wholesale.silkroademart.com
[2025-06-13 13:52:55 IST] [INFO] Detected domain: wholesale.silkroademart.com
[2025-06-13 13:52:55 IST] [INFO] Directory already exists: /var/www/wholesale.silkroademart.com
[2025-06-13 13:52:55 IST] [INFO] Checking PostgreSQL installation
[2025-06-13 13:52:55 IST] [SUCCESS] PostgreSQL is already installed
[2025-06-13 13:52:55 IST] [SUCCESS] PostgreSQL service is running
[2025-06-13 13:52:55 IST] [INFO] Starting database setup check for domain: wholesale.silkroademart.com
[2025-06-13 13:52:55 IST] [WARNING] Database not found for domain: wholesale.silkroademart.com
[2025-06-13 13:53:01 IST] [INFO] User chose to create database
[2025-06-13 13:53:01 IST] [INFO] Starting database setup for domain: wholesale.silkroademart.com
[2025-06-13 13:53:01 IST] [INFO] Storing database credentials in domain-specific file: ./data/wholesale.silkroademart.com_database_credentials.conf
[2025-06-13 13:53:01 IST] [INFO] Creating PostgreSQL database and user
[2025-06-13 13:53:01 IST] [SUCCESS] Database 'wholesale_silkroademart_com_db' and user 'wholesale_silkroademart_com_user' created successfully
[2025-06-13 13:53:01 IST] [SUCCESS] Database setup completed successfully
[2025-06-13 13:53:01 IST] [INFO] Updating search.php with database credentials
[2025-06-13 13:53:01 IST] [INFO] Starting HTML generation and database population phase
[2025-06-13 13:53:01 IST] [INFO] Starting dependency installation
[2025-06-13 13:53:02 IST] [INFO] Node.js version: v18.19.1
[2025-06-13 13:53:02 IST] [INFO] npm version: 9.2.0
[2025-06-13 13:53:02 IST] [INFO] Running npm install
[2025-06-13 13:53:19 IST] [SUCCESS] Node.js dependencies installed successfully
[2025-06-13 13:53:23 IST] [INFO] User selected force complete regeneration mode
[2025-06-13 13:53:23 IST] [INFO] Checking required files for generation
[2025-06-13 13:53:23 IST] [SUCCESS] products.csv found
[2025-06-13 13:53:23 IST] [SUCCESS] product.ejs template found
[2025-06-13 13:53:23 IST] [SUCCESS] gulpfile.js found
[2025-06-13 13:53:23 IST] [INFO] Starting gulp generation process with mode: force
[2025-06-13 13:53:23 IST] [INFO] Running gulp with force flag
[2025-06-13 13:53:27 IST] [SUCCESS] Gulp generation completed successfully
[2025-06-13 13:53:27 IST] [SUCCESS] Generation process completed successfully
[2025-06-13 13:53:27 IST] [INFO] Total HTML files generated: 20
[2025-06-13 13:53:27 IST] [INFO] Total images downloaded: 20
[2025-06-13 13:53:27 IST] [INFO] Starting data import for domain: wholesale.silkroademart.com from /root/generate_html_from_csv/version_08/data/products_database.csv
[2025-06-13 13:53:27 IST] [ERROR] Product data CSV file not found: /root/generate_html_from_csv/version_08/data/products_database.csv
[2025-06-13 14:06:40 IST] [INFO] Validating script environment
[2025-06-13 14:06:40 IST] [SUCCESS] Environment validation completed
[2025-06-13 14:06:40 IST] [INFO] Setup marker file found - setup.sh was run previously
[2025-06-13 14:06:40 IST] [INFO] Setup completion verified - proceeding with generation
[2025-06-13 14:06:40 IST] [INFO] Starting domain folder search
[2025-06-13 14:07:03 IST] [INFO] Validating script environment
[2025-06-13 14:07:03 IST] [SUCCESS] Environment validation completed
[2025-06-13 14:07:03 IST] [INFO] Setup marker file found - setup.sh was run previously
[2025-06-13 14:07:03 IST] [INFO] Setup completion verified - proceeding with generation
[2025-06-13 14:07:03 IST] [INFO] Starting domain folder search
[2025-06-13 14:07:06 IST] [INFO] Selected folder location: /var/www/wholesale.silkroademart.com
[2025-06-13 14:07:06 IST] [INFO] Detected domain: wholesale.silkroademart.com
[2025-06-13 14:07:06 IST] [INFO] Directory already exists: /var/www/wholesale.silkroademart.com
[2025-06-13 14:07:06 IST] [INFO] Checking PostgreSQL installation
[2025-06-13 14:07:06 IST] [SUCCESS] PostgreSQL is already installed
[2025-06-13 14:07:06 IST] [SUCCESS] PostgreSQL service is running
[2025-06-13 14:07:06 IST] [INFO] Starting database setup check for domain: wholesale.silkroademart.com
[2025-06-13 14:07:06 IST] [SUCCESS] Database credentials found for domain: wholesale.silkroademart.com
[2025-06-13 14:07:06 IST] [INFO] Testing database connection for domain: wholesale.silkroademart.com
[2025-06-13 14:07:06 IST] [SUCCESS] Database connection test successful
[2025-06-13 14:07:06 IST] [SUCCESS] Database connection test successful
[2025-06-13 14:07:06 IST] [INFO] Updating search.php with database credentials
[2025-06-13 14:07:06 IST] [INFO] Starting HTML generation and database population phase
[2025-06-13 14:07:06 IST] [INFO] Starting dependency installation
[2025-06-13 14:07:07 IST] [INFO] Node.js version: v18.19.1
[2025-06-13 14:07:07 IST] [INFO] npm version: 9.2.0
[2025-06-13 14:07:07 IST] [INFO] Running npm install
[2025-06-13 14:07:17 IST] [SUCCESS] Node.js dependencies installed successfully
[2025-06-13 14:07:21 IST] [INFO] User selected force complete regeneration mode
[2025-06-13 14:07:21 IST] [INFO] Checking required files for generation
[2025-06-13 14:07:21 IST] [SUCCESS] products.csv found
[2025-06-13 14:07:21 IST] [SUCCESS] product.ejs template found
[2025-06-13 14:07:21 IST] [SUCCESS] gulpfile.js found
[2025-06-13 14:07:21 IST] [INFO] Starting gulp generation process with mode: force
[2025-06-13 14:07:21 IST] [INFO] Running gulp with force flag
[2025-06-13 14:07:27 IST] [SUCCESS] Gulp generation completed successfully
[2025-06-13 14:07:27 IST] [SUCCESS] Generation process completed successfully
[2025-06-13 14:07:27 IST] [INFO] Total HTML files generated: 20
[2025-06-13 14:07:27 IST] [INFO] Total images downloaded: 20
[2025-06-13 14:07:27 IST] [INFO] Starting data import for domain: wholesale.silkroademart.com from /root/generate_html_from_csv/version_08/data/products_01_database.csv
[2025-06-13 14:07:27 IST] [SUCCESS] Data imported successfully into products table for domain: wholesale.silkroademart.com
[2025-06-13 14:08:01 IST] [INFO] Validating script environment
[2025-06-13 14:08:01 IST] [SUCCESS] Environment validation completed
[2025-06-13 14:08:01 IST] [INFO] Setup marker file found - setup.sh was run previously
[2025-06-13 14:08:01 IST] [INFO] Setup completion verified - proceeding with generation
[2025-06-13 14:08:01 IST] [INFO] Starting domain folder search
[2025-06-13 14:08:04 IST] [INFO] Selected folder location: /var/www/wholesale.silkroademart.com
[2025-06-13 14:08:04 IST] [INFO] Detected domain: wholesale.silkroademart.com
[2025-06-13 14:08:04 IST] [INFO] Directory already exists: /var/www/wholesale.silkroademart.com
[2025-06-13 14:08:04 IST] [INFO] Checking PostgreSQL installation
[2025-06-13 14:08:04 IST] [SUCCESS] PostgreSQL is already installed
[2025-06-13 14:08:04 IST] [SUCCESS] PostgreSQL service is running
[2025-06-13 14:08:04 IST] [INFO] Starting database setup check for domain: wholesale.silkroademart.com
[2025-06-13 14:08:04 IST] [SUCCESS] Database credentials found for domain: wholesale.silkroademart.com
[2025-06-13 14:08:04 IST] [INFO] Testing database connection for domain: wholesale.silkroademart.com
[2025-06-13 14:08:04 IST] [SUCCESS] Database connection test successful
[2025-06-13 14:08:04 IST] [SUCCESS] Database connection test successful
[2025-06-13 14:08:04 IST] [INFO] Updating search.php with database credentials
[2025-06-13 14:08:04 IST] [INFO] Starting HTML generation and database population phase
[2025-06-13 14:08:04 IST] [INFO] Starting dependency installation
[2025-06-13 14:08:05 IST] [INFO] Node.js version: v18.19.1
[2025-06-13 14:08:05 IST] [INFO] npm version: 9.2.0
[2025-06-13 14:08:05 IST] [INFO] Running npm install
[2025-06-13 14:08:14 IST] [SUCCESS] Node.js dependencies installed successfully
[2025-06-13 14:08:21 IST] [INFO] User selected incremental generation mode
[2025-06-13 14:08:21 IST] [INFO] Checking required files for generation
[2025-06-13 14:08:21 IST] [SUCCESS] products.csv found
[2025-06-13 14:08:21 IST] [SUCCESS] product.ejs template found
[2025-06-13 14:08:21 IST] [SUCCESS] gulpfile.js found
[2025-06-13 14:08:21 IST] [INFO] Starting gulp generation process with mode: incremental
[2025-06-13 14:08:21 IST] [INFO] Running gulp with incremental mode
[2025-06-13 14:08:26 IST] [SUCCESS] Gulp generation completed successfully
[2025-06-13 14:08:26 IST] [SUCCESS] Generation process completed successfully
[2025-06-13 14:08:26 IST] [INFO] Total HTML files generated: 20
[2025-06-13 14:08:26 IST] [INFO] Total images downloaded: 20
[2025-06-13 14:08:26 IST] [SUCCESS] Products database CSV generated successfully
[2025-06-13 14:08:26 IST] [INFO] Starting data import for domain: wholesale.silkroademart.com from /root/generate_html_from_csv/version_08/data/products_database.csv
[2025-06-13 14:08:26 IST] [SUCCESS] Data imported successfully into products table for domain: wholesale.silkroademart.com
[2025-06-13 14:11:23 IST] [INFO] Validating script environment
[2025-06-13 14:11:23 IST] [SUCCESS] Environment validation completed
[2025-06-13 14:11:23 IST] [INFO] Setup marker file found - setup.sh was run previously
[2025-06-13 14:11:23 IST] [INFO] Setup completion verified - proceeding with generation
[2025-06-13 14:11:23 IST] [INFO] Starting domain folder search
[2025-06-13 14:11:25 IST] [INFO] Selected folder location: /var/www/wholesale.silkroademart.com
[2025-06-13 14:11:25 IST] [INFO] Detected domain: wholesale.silkroademart.com
[2025-06-13 14:11:25 IST] [INFO] Directory already exists: /var/www/wholesale.silkroademart.com
[2025-06-13 14:11:25 IST] [INFO] Checking PostgreSQL installation
[2025-06-13 14:11:25 IST] [SUCCESS] PostgreSQL is already installed
[2025-06-13 14:11:25 IST] [SUCCESS] PostgreSQL service is running
[2025-06-13 14:11:25 IST] [INFO] Starting database setup check for domain: wholesale.silkroademart.com
[2025-06-13 14:11:25 IST] [SUCCESS] Database credentials found for domain: wholesale.silkroademart.com
[2025-06-13 14:11:25 IST] [INFO] Testing database connection for domain: wholesale.silkroademart.com
[2025-06-13 14:11:26 IST] [SUCCESS] Database connection test successful
[2025-06-13 14:11:26 IST] [SUCCESS] Database connection test successful
[2025-06-13 14:11:26 IST] [INFO] Updating search.php with database credentials
[2025-06-13 14:11:26 IST] [INFO] Starting HTML generation and database population phase
[2025-06-13 14:11:26 IST] [INFO] Starting dependency installation
[2025-06-13 14:11:27 IST] [INFO] Node.js version: v18.19.1
[2025-06-13 14:11:27 IST] [INFO] npm version: 9.2.0
[2025-06-13 14:11:27 IST] [INFO] Running npm install
[2025-06-13 14:11:36 IST] [SUCCESS] Node.js dependencies installed successfully
[2025-06-13 14:11:46 IST] [INFO] User selected force complete regeneration mode
[2025-06-13 14:11:46 IST] [INFO] Checking required files for generation
[2025-06-13 14:11:46 IST] [SUCCESS] products.csv found
[2025-06-13 14:11:46 IST] [SUCCESS] product.ejs template found
[2025-06-13 14:11:46 IST] [SUCCESS] gulpfile.js found
[2025-06-13 14:11:46 IST] [INFO] Starting gulp generation process with mode: force
[2025-06-13 14:11:46 IST] [INFO] Running gulp with force flag
[2025-06-13 14:11:53 IST] [SUCCESS] Gulp generation completed successfully
[2025-06-13 14:11:53 IST] [SUCCESS] Generation process completed successfully
[2025-06-13 14:11:53 IST] [INFO] Total HTML files generated: 20
[2025-06-13 14:11:53 IST] [INFO] Total images downloaded: 20
[2025-06-13 14:11:53 IST] [SUCCESS] Products database CSV generated successfully
[2025-06-13 14:11:53 IST] [INFO] Starting data import for domain: wholesale.silkroademart.com from /root/generate_html_from_csv/version_08/data/products_database.csv
[2025-06-13 14:11:53 IST] [SUCCESS] Data imported successfully into products table for domain: wholesale.silkroademart.com
[2025-06-13 14:12:44 IST] [INFO] Validating script environment
[2025-06-13 14:12:44 IST] [SUCCESS] Environment validation completed
[2025-06-13 14:12:44 IST] [INFO] Setup marker file found - setup.sh was run previously
[2025-06-13 14:12:44 IST] [INFO] Setup completion verified - proceeding with generation
[2025-06-13 14:12:44 IST] [INFO] Starting domain folder search
[2025-06-13 14:12:47 IST] [INFO] Selected folder location: /var/www/wholesale.silkroademart.com
[2025-06-13 14:12:47 IST] [INFO] Detected domain: wholesale.silkroademart.com
[2025-06-13 14:12:47 IST] [INFO] Directory already exists: /var/www/wholesale.silkroademart.com
[2025-06-13 14:12:47 IST] [INFO] Checking PostgreSQL installation
[2025-06-13 14:12:47 IST] [SUCCESS] PostgreSQL is already installed
[2025-06-13 14:12:47 IST] [SUCCESS] PostgreSQL service is running
[2025-06-13 14:12:47 IST] [INFO] Starting database setup check for domain: wholesale.silkroademart.com
[2025-06-13 14:12:47 IST] [SUCCESS] Database credentials found for domain: wholesale.silkroademart.com
[2025-06-13 14:12:47 IST] [INFO] Testing database connection for domain: wholesale.silkroademart.com
[2025-06-13 14:12:47 IST] [SUCCESS] Database connection test successful
[2025-06-13 14:12:47 IST] [SUCCESS] Database connection test successful
[2025-06-13 14:12:47 IST] [INFO] Updating search.php with database credentials
[2025-06-13 14:12:47 IST] [INFO] Starting HTML generation and database population phase
[2025-06-13 14:12:47 IST] [INFO] Starting dependency installation
[2025-06-13 14:12:48 IST] [INFO] Node.js version: v18.19.1
[2025-06-13 14:12:48 IST] [INFO] npm version: 9.2.0
[2025-06-13 14:12:48 IST] [INFO] Running npm install
[2025-06-13 14:12:58 IST] [SUCCESS] Node.js dependencies installed successfully
[2025-06-13 14:13:00 IST] [INFO] User selected incremental generation mode
[2025-06-13 14:13:00 IST] [INFO] Checking required files for generation
[2025-06-13 14:13:00 IST] [SUCCESS] products.csv found
[2025-06-13 14:13:00 IST] [SUCCESS] product.ejs template found
[2025-06-13 14:13:00 IST] [SUCCESS] gulpfile.js found
[2025-06-13 14:13:00 IST] [INFO] Starting gulp generation process with mode: incremental
[2025-06-13 14:13:00 IST] [INFO] Running gulp with incremental mode
[2025-06-13 14:13:05 IST] [SUCCESS] Gulp generation completed successfully
[2025-06-13 14:13:05 IST] [SUCCESS] Generation process completed successfully
[2025-06-13 14:13:05 IST] [INFO] Total HTML files generated: 20
[2025-06-13 14:13:05 IST] [INFO] Total images downloaded: 20
[2025-06-13 14:13:05 IST] [SUCCESS] Products database CSV generated successfully
[2025-06-13 14:13:05 IST] [INFO] Starting data import for domain: wholesale.silkroademart.com from /root/generate_html_from_csv/version_08/data/products_database.csv
[2025-06-13 14:13:05 IST] [SUCCESS] Data imported successfully into products table for domain: wholesale.silkroademart.com
[2025-06-13 14:29:11 IST] [INFO] Validating script environment
[2025-06-13 14:29:11 IST] [SUCCESS] Environment validation completed
[2025-06-13 14:29:11 IST] [WARNING] Setup marker file not found - setup.sh may not have been run
[2025-06-13 14:29:14 IST] [WARNING] User chose to skip setup.sh
[2025-06-13 14:29:14 IST] [INFO] Starting domain folder search
[2025-06-13 14:29:16 IST] [INFO] Selected folder location: /var/www/wholesale.silkroademart.com
[2025-06-13 14:29:16 IST] [INFO] Detected domain: wholesale.silkroademart.com
[2025-06-13 14:29:16 IST] [INFO] Directory already exists: /var/www/wholesale.silkroademart.com
[2025-06-13 14:29:16 IST] [INFO] Checking PostgreSQL installation
[2025-06-13 14:29:16 IST] [SUCCESS] PostgreSQL is already installed
[2025-06-13 14:29:16 IST] [SUCCESS] PostgreSQL service is running
[2025-06-13 14:29:16 IST] [INFO] Starting database setup check for domain: wholesale.silkroademart.com
[2025-06-13 14:29:16 IST] [WARNING] Database not found for domain: wholesale.silkroademart.com
[2025-06-13 14:29:20 IST] [INFO] User chose to create database
[2025-06-13 14:29:20 IST] [INFO] Starting database setup for domain: wholesale.silkroademart.com
[2025-06-13 14:29:20 IST] [INFO] Storing database credentials in domain-specific file: ./data/wholesale.silkroademart.com_database_credentials.conf
[2025-06-13 14:29:20 IST] [INFO] Creating PostgreSQL database and user
[2025-06-13 14:29:20 IST] [SUCCESS] Database 'wholesale_silkroademart_com_db' and user 'wholesale_silkroademart_com_user' created successfully
[2025-06-13 14:29:20 IST] [SUCCESS] Database setup completed successfully
[2025-06-13 14:29:20 IST] [INFO] Updating search.php with database credentials
[2025-06-13 14:29:20 IST] [INFO] Starting HTML generation and database population phase
[2025-06-13 14:29:20 IST] [INFO] Starting dependency installation
[2025-06-13 14:29:21 IST] [INFO] Node.js version: v18.19.1
[2025-06-13 14:29:21 IST] [INFO] npm version: 9.2.0
[2025-06-13 14:29:21 IST] [INFO] Running npm install
[2025-06-13 14:29:29 IST] [SUCCESS] Node.js dependencies installed successfully
[2025-06-13 14:29:32 IST] [INFO] User selected force complete regeneration mode
[2025-06-13 14:29:32 IST] [INFO] Checking required files for generation
[2025-06-13 14:29:32 IST] [INFO] Found CSV files for processing
[2025-06-13 14:29:32 IST] [INFO] CSV file found: products_01.csv
[2025-06-13 14:29:32 IST] [INFO] CSV file found: products.csv
[2025-06-13 14:29:32 IST] [SUCCESS] product.ejs template found
[2025-06-13 14:29:32 IST] [SUCCESS] gulpfile.js found
[2025-06-13 14:29:32 IST] [INFO] Starting gulp generation process with mode: force
[2025-06-13 14:29:32 IST] [INFO] Running gulp with force flag
[2025-06-13 14:29:38 IST] [SUCCESS] Gulp generation completed successfully
[2025-06-13 14:29:38 IST] [SUCCESS] Generation process completed successfully
[2025-06-13 14:29:38 IST] [INFO] Total HTML files generated: 20
[2025-06-13 14:29:38 IST] [INFO] Total images downloaded: 20
[2025-06-13 14:29:38 IST] [INFO] Starting data import for domain: wholesale.silkroademart.com from /root/generate_html_from_csv/version_08/data/products_01_database.csv
[2025-06-13 14:29:38 IST] [SUCCESS] Data imported successfully into products table for domain: wholesale.silkroademart.com
[2025-06-13 14:31:34 IST] [INFO] Validating script environment
[2025-06-13 14:31:34 IST] [SUCCESS] Environment validation completed
[2025-06-13 14:31:34 IST] [WARNING] Setup marker file not found - setup.sh may not have been run
[2025-06-13 14:31:36 IST] [WARNING] User chose to skip setup.sh
[2025-06-13 14:31:36 IST] [INFO] Starting domain folder search
[2025-06-13 14:31:38 IST] [INFO] Selected folder location: /var/www/wholesale.silkroademart.com
[2025-06-13 14:31:38 IST] [INFO] Detected domain: wholesale.silkroademart.com
[2025-06-13 14:31:38 IST] [INFO] Directory already exists: /var/www/wholesale.silkroademart.com
[2025-06-13 14:31:38 IST] [INFO] Checking PostgreSQL installation
[2025-06-13 14:31:38 IST] [SUCCESS] PostgreSQL is already installed
[2025-06-13 14:31:38 IST] [SUCCESS] PostgreSQL service is running
[2025-06-13 14:31:38 IST] [INFO] Starting database setup check for domain: wholesale.silkroademart.com
[2025-06-13 14:31:38 IST] [SUCCESS] Database credentials found for domain: wholesale.silkroademart.com
[2025-06-13 14:31:38 IST] [INFO] Testing database connection for domain: wholesale.silkroademart.com
[2025-06-13 14:31:38 IST] [SUCCESS] Database connection test successful
[2025-06-13 14:31:38 IST] [SUCCESS] Database connection test successful
[2025-06-13 14:31:38 IST] [INFO] Updating search.php with database credentials
[2025-06-13 14:31:38 IST] [INFO] Starting HTML generation and database population phase
[2025-06-13 14:31:38 IST] [INFO] Starting dependency installation
[2025-06-13 14:31:39 IST] [INFO] Node.js version: v18.19.1
[2025-06-13 14:31:39 IST] [INFO] npm version: 9.2.0
[2025-06-13 14:31:39 IST] [INFO] Running npm install
[2025-06-13 14:31:49 IST] [SUCCESS] Node.js dependencies installed successfully
[2025-06-13 14:31:52 IST] [INFO] User selected force complete regeneration mode
[2025-06-13 14:31:52 IST] [INFO] Checking required files for generation
[2025-06-13 14:31:52 IST] [INFO] Found CSV files for processing
[2025-06-13 14:31:52 IST] [INFO] CSV file found: products_01.csv
[2025-06-13 14:31:52 IST] [INFO] CSV file found: products.csv
[2025-06-13 14:31:52 IST] [SUCCESS] product.ejs template found
[2025-06-13 14:31:52 IST] [SUCCESS] gulpfile.js found
[2025-06-13 14:31:52 IST] [INFO] Starting gulp generation process with mode: force
[2025-06-13 14:31:52 IST] [INFO] Running gulp with force flag
[2025-06-13 14:31:57 IST] [SUCCESS] Gulp generation completed successfully
[2025-06-13 14:31:57 IST] [SUCCESS] Generation process completed successfully
[2025-06-13 14:31:57 IST] [INFO] Total HTML files generated: 20
[2025-06-13 14:31:57 IST] [INFO] Total images downloaded: 20
[2025-06-13 14:31:57 IST] [SUCCESS] Products database CSV generated successfully
[2025-06-13 14:31:57 IST] [INFO] Starting data import for domain: wholesale.silkroademart.com from /root/generate_html_from_csv/version_08/data/products_database.csv
[2025-06-13 14:31:57 IST] [SUCCESS] Data imported successfully into products table for domain: wholesale.silkroademart.com
