[2025-06-11 17:18:07 IST] [INFO] Product Page Generator started
[2025-06-11 17:18:07 IST] [INFO] Checking Node.js and npm prerequisites
[2025-06-11 17:18:07 IST] [INFO] Node.js version: v18.19.1
[2025-06-11 17:18:07 IST] [INFO] npm version: 9.2.0
[2025-06-11 17:18:07 IST] [SUCCESS] Node.js and npm prerequisites satisfied
[2025-06-11 17:18:07 IST] [INFO] Validating script environment
[2025-06-11 17:18:07 IST] [SUCCESS] Environment validation completed
[2025-06-11 17:18:07 IST] [INFO] Setup marker file found - setup.sh was run previously
[2025-06-11 17:18:07 IST] [INFO] Setup completion verified - proceeding with generation
[2025-06-11 17:18:08 IST] [INFO] Starting domain folder search
[2025-06-11 17:18:10 IST] [INFO] Selected folder location: /var/www/silkroademart.com
[2025-06-11 17:18:10 IST] [INFO] Detected domain: silkroademart.com
[2025-06-11 17:18:10 IST] [INFO] Directory already exists: /var/www/silkroademart.com
[2025-06-11 17:18:10 IST] [INFO] Checking PostgreSQL installation
[2025-06-11 17:18:10 IST] [SUCCESS] PostgreSQL is already installed
[2025-06-11 17:18:10 IST] [SUCCESS] PostgreSQL service is running
[2025-06-11 17:18:10 IST] [INFO] Starting database setup check
[2025-06-11 17:18:10 IST] [SUCCESS] Database credentials found for domain: silkroademart.com
[2025-06-11 17:18:11 IST] [INFO] Testing database connection for domain: silkroademart.com
[2025-06-11 17:18:11 IST] [SUCCESS] Database connection test successful
[2025-06-11 17:18:11 IST] [SUCCESS] Database connection test successful
[2025-06-11 17:18:11 IST] [INFO] Updating search.php with database credentials
[2025-06-11 17:18:11 IST] [INFO] Starting HTML generation and database population phase
[2025-06-11 17:18:11 IST] [INFO] Starting dependency installation
[2025-06-11 17:18:12 IST] [INFO] Node.js version: v18.19.1
[2025-06-11 17:18:12 IST] [INFO] npm version: 9.2.0
[2025-06-11 17:18:12 IST] [INFO] Running npm install
[2025-06-11 17:18:16 IST] [SUCCESS] Node.js dependencies installed successfully
[2025-06-11 17:18:30 IST] [INFO] User selected force complete regeneration mode
[2025-06-11 17:18:30 IST] [INFO] Checking required files for generation
[2025-06-11 17:18:30 IST] [SUCCESS] products.csv found
[2025-06-11 17:18:30 IST] [SUCCESS] product.ejs template found
[2025-06-11 17:18:30 IST] [SUCCESS] gulpfile.js found
[2025-06-11 17:18:30 IST] [INFO] Starting gulp generation process with mode: force
[2025-06-11 17:18:30 IST] [INFO] Running gulp with force flag
[2025-06-11 17:18:35 IST] [SUCCESS] Gulp generation completed successfully
[2025-06-11 17:18:35 IST] [SUCCESS] Generation process completed successfully
[2025-06-11 17:18:35 IST] [INFO] Total HTML files generated: 10
[2025-06-11 17:18:35 IST] [INFO] Total images downloaded: 10
[2025-06-11 17:18:35 IST] [INFO] Starting node_modules cleanup process
[2025-06-11 17:18:35 IST] [SUCCESS] node_modules folder removed successfully (was 42M)
