[2025-06-13 15:52:18 IST] [INFO] Validating script environment
[2025-06-13 15:52:18 IST] [SUCCESS] Environment validation completed
[2025-06-13 15:52:18 IST] [WARNING] Setup marker file not found - setup.sh may not have been run
[2025-06-13 15:52:28 IST] [INFO] User chose to run setup.sh
[2025-06-13 15:52:28 IST] [INFO] Running setup.sh script...
[2025-06-13 15:53:00 IST] [SUCCESS] setup.sh completed successfully - marker file created
[2025-06-13 15:53:00 IST] [INFO] Starting domain folder search
[2025-06-13 15:53:05 IST] [INFO] Selected folder location: /var/www/test.silkroademart.com
[2025-06-13 15:53:05 IST] [INFO] Detected domain: test.silkroademart.com
[2025-06-13 15:53:05 IST] [INFO] Directory already exists: /var/www/test.silkroademart.com
[2025-06-13 15:53:05 IST] [INFO] Checking PostgreSQL installation
[2025-06-13 15:53:05 IST] [WARNING] PostgreSQL is not installed - starting installation
[2025-06-13 15:53:05 IST] [INFO] Starting PostgreSQL installation
[2025-06-13 15:53:05 IST] [INFO] Detected operating system: ubuntu
[2025-06-13 15:53:05 IST] [INFO] Installing PostgreSQL on Ubuntu/Debian system
[2025-06-13 15:53:33 IST] [SUCCESS] PostgreSQL installed successfully on Ubuntu/Debian
[2025-06-13 15:53:33 IST] [INFO] Verifying PostgreSQL installation
[2025-06-13 15:53:33 IST] [SUCCESS] PostgreSQL installation verified
[2025-06-13 15:53:33 IST] [SUCCESS] PostgreSQL service is running
[2025-06-13 15:53:33 IST] [INFO] PostgreSQL version:  PostgreSQL 16.9 (Ubuntu 16.9-0ubuntu0.24.04.1) on x86_64-pc-linux-gnu, compiled by gcc (Ubuntu 13.3.0-6ubuntu2~24.04) 13.3.0, 64-bit
[2025-06-13 15:53:33 IST] [INFO] Starting database setup check for domain: test.silkroademart.com
[2025-06-13 15:53:33 IST] [WARNING] Database not found for domain: test.silkroademart.com
[2025-06-13 15:53:53 IST] [INFO] User chose to create database
[2025-06-13 15:53:53 IST] [INFO] Starting database setup for domain: test.silkroademart.com
[2025-06-13 15:53:53 IST] [INFO] Storing database credentials in domain-specific file: ./data/test.silkroademart.com_database_credentials.conf
[2025-06-13 15:53:53 IST] [INFO] Creating PostgreSQL database and user
[2025-06-13 15:53:53 IST] [SUCCESS] Database 'test_silkroademart_com_db' and user 'test_silkroademart_com_user' created successfully
[2025-06-13 15:53:53 IST] [SUCCESS] Database setup completed successfully
[2025-06-13 15:53:54 IST] [INFO] Updating search.php with database credentials
[2025-06-13 15:53:54 IST] [INFO] Starting HTML generation and database population phase
[2025-06-13 15:53:54 IST] [INFO] Starting dependency installation
[2025-06-13 15:53:55 IST] [INFO] Node.js version: v18.19.1
[2025-06-13 15:53:55 IST] [INFO] npm version: 9.2.0
[2025-06-13 15:53:55 IST] [INFO] Running npm install
[2025-06-13 15:54:12 IST] [SUCCESS] Node.js dependencies installed successfully
[2025-06-13 15:54:18 IST] [INFO] User selected force complete regeneration mode
[2025-06-13 15:54:18 IST] [INFO] Checking required files for generation
[2025-06-13 15:54:18 IST] [INFO] Found CSV files for processing
[2025-06-13 15:54:18 IST] [INFO] CSV file found: products_01.csv
[2025-06-13 15:54:18 IST] [INFO] CSV file found: products.csv
[2025-06-13 15:54:18 IST] [SUCCESS] product.ejs template found
[2025-06-13 15:54:18 IST] [SUCCESS] gulpfile.js found
[2025-06-13 15:54:18 IST] [INFO] Starting gulp generation process with mode: force
[2025-06-13 15:54:18 IST] [INFO] Running gulp with force flag
[2025-06-13 15:54:27 IST] [SUCCESS] Gulp generation completed successfully
[2025-06-13 15:54:27 IST] [SUCCESS] Generation process completed successfully
[2025-06-13 15:54:27 IST] [INFO] Total HTML files generated: 10
[2025-06-13 15:54:27 IST] [INFO] Total images downloaded: 10
[2025-06-13 15:54:27 IST] [SUCCESS] Products database CSV generated successfully
[2025-06-13 15:54:27 IST] [INFO] Starting data import for domain: test.silkroademart.com from /root/generate_html_from_csv/version_09/data/products_database.csv
[2025-06-13 15:54:27 IST] [SUCCESS] Data imported successfully into products table for domain: test.silkroademart.com
[2025-06-13 16:14:16 IST] [INFO] Validating script environment
[2025-06-13 16:14:16 IST] [SUCCESS] Environment validation completed
[2025-06-13 16:14:16 IST] [INFO] Setup marker file found - setup.sh was run previously
[2025-06-13 16:14:16 IST] [INFO] Setup completion verified - proceeding with generation
[2025-06-13 16:14:16 IST] [INFO] Starting domain folder search
[2025-06-13 16:14:20 IST] [INFO] Selected folder location: /var/www/new01.silkroademart.com
[2025-06-13 16:14:20 IST] [INFO] Detected domain: new01.silkroademart.com
[2025-06-13 16:14:20 IST] [INFO] Directory already exists: /var/www/new01.silkroademart.com
[2025-06-13 16:14:20 IST] [INFO] Checking PostgreSQL installation
[2025-06-13 16:14:20 IST] [SUCCESS] PostgreSQL is already installed
[2025-06-13 16:14:20 IST] [SUCCESS] PostgreSQL service is running
[2025-06-13 16:14:20 IST] [INFO] Starting database setup check for domain: new01.silkroademart.com
[2025-06-13 16:14:20 IST] [SUCCESS] Database credentials found for domain: new01.silkroademart.com
[2025-06-13 16:14:20 IST] [INFO] Testing database connection for domain: new01.silkroademart.com
[2025-06-13 16:14:21 IST] [SUCCESS] Database connection test successful
[2025-06-13 16:14:21 IST] [SUCCESS] Database connection test successful
[2025-06-13 16:14:21 IST] [INFO] Updating search.php with database credentials
[2025-06-13 16:14:21 IST] [INFO] Starting HTML generation and database population phase
[2025-06-13 16:14:21 IST] [INFO] Starting dependency installation
[2025-06-13 16:14:22 IST] [INFO] Node.js version: v18.19.1
[2025-06-13 16:14:22 IST] [INFO] npm version: 9.2.0
[2025-06-13 16:14:22 IST] [INFO] Running npm install
[2025-06-13 16:14:28 IST] [SUCCESS] Node.js dependencies installed successfully
[2025-06-13 16:14:32 IST] [INFO] User selected force complete regeneration mode
[2025-06-13 16:14:32 IST] [INFO] Checking required files for generation
[2025-06-13 16:14:32 IST] [INFO] Found CSV files for processing
[2025-06-13 16:14:32 IST] [INFO] CSV file found: products_01.csv
[2025-06-13 16:14:32 IST] [INFO] CSV file found: products.csv
[2025-06-13 16:14:32 IST] [SUCCESS] product.ejs template found
[2025-06-13 16:14:32 IST] [SUCCESS] gulpfile.js found
[2025-06-13 16:14:32 IST] [INFO] Starting gulp generation process with mode: force
[2025-06-13 16:14:32 IST] [INFO] Running gulp with force flag
[2025-06-13 16:14:42 IST] [SUCCESS] Gulp generation completed successfully
[2025-06-13 16:14:42 IST] [SUCCESS] Generation process completed successfully
[2025-06-13 16:14:42 IST] [INFO] Total HTML files generated: 10
[2025-06-13 16:14:42 IST] [INFO] Total images downloaded: 10
[2025-06-13 16:14:42 IST] [SUCCESS] Products database CSV generated successfully
[2025-06-13 16:14:42 IST] [INFO] Starting data import for domain: new01.silkroademart.com from /root/generate_html_from_csv/version_09/data/products_database.csv
[2025-06-13 16:14:42 IST] [SUCCESS] Data imported successfully into products table for domain: new01.silkroademart.com
